<?xml version="1.0" encoding="UTF-8"?>
<!-- Generated by org.testng.reporters.JUnitXMLReporter -->
<testsuite ignored="0" hostname="Hugo-Tech-175" failures="0" tests="11" name="Test" time="145.509" errors="0" timestamp="2022-01-22T23:07:34 WAT">
  <testcase classname="testCases.LandingPageTest" name="landingpage" time="43.072"/>
  <testcase classname="testCases.emailInputTest" name="emailWrongInput" time="45.482"/>
  <testcase classname="testCases.PasswordMatchTest" name="passwordMatch" time="45.918"/>
  <testcase classname="testCases.InputboxTest" name="inputbox" time="46.637"/>
  <testcase classname="testCases.NextButtonTest" name="nextButton" time="54.037"/>
  <testcase classname="testCases.WrongPasswordFormatTest" name="WrongPasswordFormat" time="44.258"/>
  <testcase classname="testCases.NewGmailTest" name="NewGmail" time="44.379"/>
  <testcase classname="testCases.PasswordMismatchTest" name="passwordMismatch" time="45.332"/>
  <testcase classname="testCases.ShowPasswordTest" name="showPassword" time="46.667"/>
  <testcase classname="testCases.Linktest" name="link" time="59.245"/>
  <testcase classname="testCases.SigninTest" name="signin" time="46.533"/>
</testsuite> <!-- Test -->
