<?xml version="1.0" encoding="UTF-8"?>
<testng-results ignored="0" total="11" passed="11" failed="0" skipped="0">
  <reporter-output>
  </reporter-output>
  <suite started-at="2022-01-22T23:05:09 WAT" name="Suite" finished-at="2022-01-22T23:07:34 WAT" duration-ms="145509">
    <groups>
    </groups>
    <test started-at="2022-01-22T23:05:09 WAT" name="Test" finished-at="2022-01-22T23:07:34 WAT" duration-ms="145509">
      <class name="testCases.Linktest">
        <test-method signature="link()[pri:0, instance:testCases.Linktest@6cc0bcf6]" started-at="2022-01-22T23:05:55 WAT" name="link" finished-at="2022-01-22T23:06:55 WAT" duration-ms="59245" status="PASS">
          <reporter-output>
          </reporter-output>
        </test-method> <!-- link -->
        <test-method is-config="true" signature="teardown()[pri:0, instance:testCases.Linktest@6cc0bcf6]" started-at="2022-01-22T23:07:25 WAT" name="teardown" finished-at="2022-01-22T23:07:26 WAT" duration-ms="1032" status="PASS">
          <reporter-output>
          </reporter-output>
        </test-method> <!-- teardown -->
      </class> <!-- testCases.Linktest -->
      <class name="testCases.SigninTest">
        <test-method signature="signin()[pri:0, instance:testCases.SigninTest@32f61a31]" started-at="2022-01-22T23:06:36 WAT" name="signin" finished-at="2022-01-22T23:07:23 WAT" duration-ms="46533" status="PASS">
          <reporter-output>
          </reporter-output>
        </test-method> <!-- signin -->
        <test-method is-config="true" signature="teardown()[pri:0, instance:testCases.SigninTest@32f61a31]" started-at="2022-01-22T23:07:31 WAT" name="teardown" finished-at="2022-01-22T23:07:32 WAT" duration-ms="968" status="PASS">
          <reporter-output>
          </reporter-output>
        </test-method> <!-- teardown -->
      </class> <!-- testCases.SigninTest -->
      <class name="testCases.LandingPageTest">
        <test-method signature="landingpage()[pri:0, instance:testCases.LandingPageTest@5528a42c]" started-at="2022-01-22T23:05:09 WAT" name="landingpage" finished-at="2022-01-22T23:05:52 WAT" duration-ms="43072" status="PASS">
          <reporter-output>
          </reporter-output>
        </test-method> <!-- landingpage -->
        <test-method is-config="true" signature="teardown()[pri:0, instance:testCases.LandingPageTest@5528a42c]" started-at="2022-01-22T23:07:24 WAT" name="teardown" finished-at="2022-01-22T23:07:25 WAT" duration-ms="1079" status="PASS">
          <reporter-output>
          </reporter-output>
        </test-method> <!-- teardown -->
      </class> <!-- testCases.LandingPageTest -->
      <class name="testCases.InputboxTest">
        <test-method signature="inputbox()[pri:0, instance:testCases.InputboxTest@54ec8cc9]" started-at="2022-01-22T23:05:09 WAT" name="inputbox" finished-at="2022-01-22T23:05:55 WAT" duration-ms="46637" status="PASS">
          <reporter-output>
          </reporter-output>
        </test-method> <!-- inputbox -->
        <test-method is-config="true" signature="teardown()[pri:0, instance:testCases.InputboxTest@54ec8cc9]" started-at="2022-01-22T23:07:23 WAT" name="teardown" finished-at="2022-01-22T23:07:24 WAT" duration-ms="1196" status="PASS">
          <reporter-output>
          </reporter-output>
        </test-method> <!-- teardown -->
      </class> <!-- testCases.InputboxTest -->
      <class name="testCases.NewGmailTest">
        <test-method signature="NewGmail()[pri:0, instance:testCases.NewGmailTest@ec2bf82]" started-at="2022-01-22T23:05:54 WAT" name="NewGmail" finished-at="2022-01-22T23:06:39 WAT" duration-ms="44379" status="PASS">
          <reporter-output>
          </reporter-output>
        </test-method> <!-- NewGmail -->
        <test-method is-config="true" signature="teardown()[pri:0, instance:testCases.NewGmailTest@ec2bf82]" started-at="2022-01-22T23:07:26 WAT" name="teardown" finished-at="2022-01-22T23:07:27 WAT" duration-ms="995" status="PASS">
          <reporter-output>
          </reporter-output>
        </test-method> <!-- teardown -->
      </class> <!-- testCases.NewGmailTest -->
      <class name="testCases.PasswordMatchTest">
        <test-method signature="passwordMatch()[pri:0, instance:testCases.PasswordMatchTest@2a551a63]" started-at="2022-01-22T23:05:09 WAT" name="passwordMatch" finished-at="2022-01-22T23:05:55 WAT" duration-ms="45918" status="PASS">
          <reporter-output>
          </reporter-output>
        </test-method> <!-- passwordMatch -->
        <test-method is-config="true" signature="teardown()[pri:0, instance:testCases.PasswordMatchTest@2a551a63]" started-at="2022-01-22T23:07:28 WAT" name="teardown" finished-at="2022-01-22T23:07:29 WAT" duration-ms="1169" status="PASS">
          <reporter-output>
          </reporter-output>
        </test-method> <!-- teardown -->
      </class> <!-- testCases.PasswordMatchTest -->
      <class name="testCases.ShowPasswordTest">
        <test-method signature="showPassword()[pri:0, instance:testCases.ShowPasswordTest@29539e36]" started-at="2022-01-22T23:06:03 WAT" name="showPassword" finished-at="2022-01-22T23:06:50 WAT" duration-ms="46667" status="PASS">
          <reporter-output>
          </reporter-output>
        </test-method> <!-- showPassword -->
        <test-method is-config="true" signature="teardown()[pri:0, instance:testCases.ShowPasswordTest@29539e36]" started-at="2022-01-22T23:07:30 WAT" name="teardown" finished-at="2022-01-22T23:07:31 WAT" duration-ms="1092" status="PASS">
          <reporter-output>
          </reporter-output>
        </test-method> <!-- teardown -->
      </class> <!-- testCases.ShowPasswordTest -->
      <class name="testCases.WrongPasswordFormatTest">
        <test-method signature="WrongPasswordFormat()[pri:0, instance:testCases.WrongPasswordFormatTest@1edb61b1]" started-at="2022-01-22T23:05:52 WAT" name="WrongPasswordFormat" finished-at="2022-01-22T23:06:36 WAT" duration-ms="44258" status="PASS">
          <reporter-output>
          </reporter-output>
        </test-method> <!-- WrongPasswordFormat -->
        <test-method is-config="true" signature="teardown()[pri:0, instance:testCases.WrongPasswordFormatTest@1edb61b1]" started-at="2022-01-22T23:07:32 WAT" name="teardown" finished-at="2022-01-22T23:07:33 WAT" duration-ms="982" status="PASS">
          <reporter-output>
          </reporter-output>
        </test-method> <!-- teardown -->
      </class> <!-- testCases.WrongPasswordFormatTest -->
      <class name="testCases.emailInputTest">
        <test-method signature="emailWrongInput()[pri:0, instance:testCases.emailInputTest@52eacb4b]" started-at="2022-01-22T23:05:09 WAT" name="emailWrongInput" finished-at="2022-01-22T23:05:54 WAT" duration-ms="45482" status="PASS">
          <reporter-output>
          </reporter-output>
        </test-method> <!-- emailWrongInput -->
        <test-method is-config="true" signature="teardown()[pri:0, instance:testCases.emailInputTest@52eacb4b]" started-at="2022-01-22T23:07:33 WAT" name="teardown" finished-at="2022-01-22T23:07:34 WAT" duration-ms="1042" status="PASS">
          <reporter-output>
          </reporter-output>
        </test-method> <!-- teardown -->
      </class> <!-- testCases.emailInputTest -->
      <class name="testCases.NextButtonTest">
        <test-method signature="nextButton()[pri:0, instance:testCases.NextButtonTest@1a6f5124]" started-at="2022-01-22T23:05:09 WAT" name="nextButton" finished-at="2022-01-22T23:06:03 WAT" duration-ms="54037" status="PASS">
          <reporter-output>
          </reporter-output>
        </test-method> <!-- nextButton -->
        <test-method is-config="true" signature="teardown()[pri:0, instance:testCases.NextButtonTest@1a6f5124]" started-at="2022-01-22T23:07:27 WAT" name="teardown" finished-at="2022-01-22T23:07:28 WAT" duration-ms="1074" status="PASS">
          <reporter-output>
          </reporter-output>
        </test-method> <!-- teardown -->
      </class> <!-- testCases.NextButtonTest -->
      <class name="testCases.PasswordMismatchTest">
        <test-method signature="passwordMismatch()[pri:0, instance:testCases.PasswordMismatchTest@cc62a3b]" started-at="2022-01-22T23:05:55 WAT" name="passwordMismatch" finished-at="2022-01-22T23:06:40 WAT" duration-ms="45332" status="PASS">
          <reporter-output>
          </reporter-output>
        </test-method> <!-- passwordMismatch -->
        <test-method is-config="true" signature="teardown()[pri:0, instance:testCases.PasswordMismatchTest@cc62a3b]" started-at="2022-01-22T23:07:29 WAT" name="teardown" finished-at="2022-01-22T23:07:30 WAT" duration-ms="958" status="PASS">
          <reporter-output>
          </reporter-output>
        </test-method> <!-- teardown -->
      </class> <!-- testCases.PasswordMismatchTest -->
    </test> <!-- Test -->
  </suite> <!-- Suite -->
</testng-results>
